<?xml version="1.0" encoding="UTF-8"?>
<!-- Generated by org.testng.reporters.JUnitReportReporter -->
<testsuite hostname="DESKTOP-QP050DU" failures="0" tests="4" name="test.SwagLabLoginTestParameterization" time="32.666" errors="0" timestamp="2024-02-23T16:03:58 IST" skipped="0">
  <testcase classname="test.SwagLabLoginTestParameterization" name="loginWithLockedUser" time="5.186"/>
  <testcase classname="test.SwagLabLoginTestParameterization" name="loginWithProblemUser" time="8.556"/>
  <testcase classname="test.SwagLabLoginTestParameterization" name="loginWithValidCredentials" time="5.464"/>
  <testcase classname="test.SwagLabLoginTestParameterization" name="loginWithPerformanceGlitchUser" time="13.460"/>
</testsuite> <!-- test.SwagLabLoginTestParameterization -->
